Flutter crash report.
Please report a bug at https://github.com/flutter/flutter/issues.

## command

flutter update-packages --force-upgrade

## exception

_TypeError: Null check operator used on a null value

```
#0      PubspecYaml._parse (package:flutter_tools/src/commands/update_packages.dart:939:43)
#1      new PubspecYaml (package:flutter_tools/src/commands/update_packages.dart:771:12)
#2      UpdatePackagesCommand._collectDependencies (package:flutter_tools/src/commands/update_packages.dart:443:35)
#3      UpdatePackagesCommand.runCommand (package:flutter_tools/src/commands/update_packages.dart:289:5)
#4      FlutterCommand.verifyThenRunCommand (package:flutter_tools/src/runner/flutter_command.dart:1687:12)
<asynchronous suspension>
#5      FlutterCommand.run.<anonymous closure> (package:flutter_tools/src/runner/flutter_command.dart:1367:27)
<asynchronous suspension>
#6      AppContext.run.<anonymous closure> (package:flutter_tools/src/base/context.dart:150:19)
<asynchronous suspension>
#7      CommandRunner.runCommand (package:args/command_runner.dart:212:13)
<asynchronous suspension>
#8      FlutterCommandRunner.runCommand.<anonymous closure> (package:flutter_tools/src/runner/flutter_command_runner.dart:348:9)
<asynchronous suspension>
#9      AppContext.run.<anonymous closure> (package:flutter_tools/src/base/context.dart:150:19)
<asynchronous suspension>
#10     FlutterCommandRunner.runCommand (package:flutter_tools/src/runner/flutter_command_runner.dart:294:5)
<asynchronous suspension>
#11     run.<anonymous closure>.<anonymous closure> (package:flutter_tools/runner.dart:112:9)
<asynchronous suspension>
#12     AppContext.run.<anonymous closure> (package:flutter_tools/src/base/context.dart:150:19)
<asynchronous suspension>
#13     main (package:flutter_tools/executable.dart:90:3)
<asynchronous suspension>
```

## flutter doctor

```
[32m[✓][39m Flutter (Channel stable, 3.16.9, on macOS 14.3.1 23D60
    darwin-arm64, locale en-GB)
    [32m•[39m Flutter version 3.16.9 on channel stable at
      /Users/shivampatil/Downloads/flutter
    [32m•[39m Upstream repository
      https://github.com/flutter/flutter.git
    [32m•[39m Framework revision 41456452f2 (3 weeks ago), 2024-01-25
      10:06:23 -0800
    [32m•[39m Engine revision f40e976bed
    [32m•[39m Dart version 3.2.6
    [32m•[39m DevTools version 2.28.5

[33m[!][39m Android toolchain - develop for Android devices (Android
    SDK version 34.0.0)
    [32m•[39m Android SDK at /Users/shivampatil/Library/Android/sdk
    [31m✗[39m cmdline-tools component is missing
      Run `path/to/sdkmanager --install
      "cmdline-tools;latest"`
      See https://developer.android.com/studio/command-line
      for more details.
    [31m✗[39m Android license status unknown.
      Run `flutter doctor --android-licenses` to accept the
      SDK licenses.
      See
      https://flutter.dev/docs/get-started/install/macos#andr
      oid-setup for more details.

[33m[!][39m Xcode - develop for iOS and macOS (Xcode 14.2)
    [32m•[39m Xcode at /Applications/Xcode.app/Contents/Developer
    [32m•[39m Build 14C18
    [31m✗[39m CocoaPods not installed.
        CocoaPods is used to retrieve the iOS and macOS
        platform side's plugin code that responds to your
        plugin usage on the Dart side.
        Without CocoaPods, plugins will not work on iOS or
        macOS.
        For more info, see
        https://flutter.dev/platform-plugins
      To install see
      https://guides.cocoapods.org/using/getting-started.html
      #installation for instructions.

[32m[✓][39m Chrome - develop for the web
    [32m•[39m Chrome at /Applications/Google
      Chrome.app/Contents/MacOS/Google Chrome

[32m[✓][39m Android Studio (version 2023.1)
    [32m•[39m Android Studio at /Applications/Android
      Studio.app/Contents
    [32m•[39m Flutter plugin can be installed from:
      🔨 https://plugins.jetbrains.com/plugin/9212-flutter
    [32m•[39m Dart plugin can be installed from:
      🔨 https://plugins.jetbrains.com/plugin/6351-dart
    [32m•[39m Java version OpenJDK Runtime Environment (build
      17.0.7+0-17.0.7b1000.6-10550314)

[32m[✓][39m VS Code (version 1.85.2)
    [32m•[39m VS Code at /Users/shivampatil/Downloads/Visual Studio
      Code.app/Contents
    [32m•[39m Flutter extension version 3.82.0

[32m[✓][39m Connected device (2 available)
    [32m•[39m macOS (desktop) • macos  • darwin-arm64   • macOS
      14.3.1 23D60 darwin-arm64
    [32m•[39m Chrome (web)    • chrome • web-javascript • Google
      Chrome 121.0.6167.160

[32m[✓][39m Network resources
    [32m•[39m All expected network resources are available.

[33m![39m Doctor found issues in 2 categories.
```
